<?xml version="1.0" encoding="UTF-8"?>
<testng-results skipped="0" failed="0" ignored="0" total="1" passed="1">
  <reporter-output>
  </reporter-output>
  <suite name="Surefire suite" duration-ms="46" started-at="2020-05-31T20:23:43 IST" finished-at="2020-05-31T20:23:43 IST">
    <groups>
    </groups>
    <test name="Surefire test" duration-ms="46" started-at="2020-05-31T20:23:43 IST" finished-at="2020-05-31T20:23:43 IST">
      <class name="first_maven_project.mavenjava.AppTest">
        <test-method status="PASS" signature="shouldAnswerWithTrue()" name="shouldAnswerWithTrue" duration-ms="9" started-at="2020-05-31T20:23:43 IST" finished-at="2020-05-31T20:23:43 IST">
          <reporter-output>
          </reporter-output>
        </test-method> <!-- shouldAnswerWithTrue -->
      </class> <!-- first_maven_project.mavenjava.AppTest -->
    </test> <!-- Surefire test -->
  </suite> <!-- Surefire suite -->
</testng-results>
