<?xml version="1.0" encoding="UTF-8"?>
<!-- Generated by org.testng.reporters.JUnitXMLReporter -->
<testsuite hostname="DESKTOP-5C16AGM" ignored="1" name="Surefire test" tests="1" failures="0" timestamp="2020-05-31T20:44:06 IST" time="0.027" errors="0">
  <testcase name="IOS" time="0.004" classname="first_maven_project.mavenjava.AppiumTest"/>
  <testcase name="Android" time="0.0" classname="first_maven_project.mavenjava.AppiumTest">
    <ignored/>
  </testcase> <!-- Android -->
</testsuite> <!-- Surefire test -->
