<?xml version="1.0" encoding="UTF-8"?>
<!-- Generated by org.testng.reporters.JUnitXMLReporter -->
<testsuite hostname="DESKTOP-5C16AGM" ignored="0" name="Surefire test" tests="6" failures="0" timestamp="2020-05-31T20:23:42 IST" time="0.034" errors="0">
  <testcase name="Android" time="0.003" classname="first_maven_project.mavenjava.AppiumTest"/>
  <testcase name="IOS" time="0.0" classname="first_maven_project.mavenjava.AppiumTest"/>
  <testcase name="deleteTwitter" time="0.0" classname="first_maven_project.mavenjava.RESTAPITest"/>
  <testcase name="postJIRA" time="0.0" classname="first_maven_project.mavenjava.RESTAPITest"/>
  <testcase name="BrowserAutomation" time="0.0" classname="first_maven_project.mavenjava.SeleniumTest"/>
  <testcase name="MobileAutomation" time="0.0" classname="first_maven_project.mavenjava.SeleniumTest"/>
</testsuite> <!-- Surefire test -->
