<?xml version="1.0" encoding="UTF-8"?>
<testsuite xmlns:xsi="http://www.w3.org/2001/XMLSchema-instance" xsi:noNamespaceSchemaLocation="https://maven.apache.org/surefire/maven-surefire-plugin/xsd/surefire-test-report-3.0.xsd" version="3.0" name="TestSuite" time="0.549" tests="7" errors="0" skipped="0" failures="0">
  <properties>
[...]
</properties>
  <testcase name="Android" classname="first_maven_project.mavenjava.AppiumTest" time="0.004"/>
  <testcase name="IOS" classname="first_maven_project.mavenjava.AppiumTest" time="0"/>
  <testcase name="deleteTwitter" classname="first_maven_project.mavenjava.RESTAPITest" time="0.001"/>
  <testcase name="postJIRA" classname="first_maven_project.mavenjava.RESTAPITest" time="0.001"/>
  <testcase name="BrowserAutomation" classname="first_maven_project.mavenjava.SeleniumTest" time="0.001"/>
  <testcase name="MobileAutomation" classname="first_maven_project.mavenjava.SeleniumTest" time="0.001"/>
  <testcase name="shouldAnswerWithTrue on shouldAnswerWithTrue(first_maven_project.mavenjava.AppTest)" classname="first_maven_project.mavenjava.AppTest" time="0.001"/>
</testsuite>