<?xml version="1.0" encoding="UTF-8"?>
<testng-results skipped="0" failed="0" ignored="1" total="2" passed="1">
  <reporter-output>
  </reporter-output>
  <suite name="Surefire suite" duration-ms="27" started-at="2020-05-31T20:44:06 IST" finished-at="2020-05-31T20:44:06 IST">
    <groups>
    </groups>
    <test name="Surefire test" duration-ms="27" started-at="2020-05-31T20:44:06 IST" finished-at="2020-05-31T20:44:06 IST">
      <class name="first_maven_project.mavenjava.AppiumTest">
        <test-method status="PASS" signature="IOS()[pri:0, instance:first_maven_project.mavenjava.AppiumTest@617faa95]" name="IOS" duration-ms="4" started-at="2020-05-31T20:44:06 IST" finished-at="2020-05-31T20:44:06 IST">
          <reporter-output>
          </reporter-output>
        </test-method> <!-- IOS -->
      </class> <!-- first_maven_project.mavenjava.AppiumTest -->
    </test> <!-- Surefire test -->
  </suite> <!-- Surefire suite -->
</testng-results>
